0 info it worked if it ends with ok
1 verbose cli [ 'node',
1 verbose cli   '/usr/local/bin/npm',
1 verbose cli   'install',
1 verbose cli   'karma-phantomjs',
1 verbose cli   '--save-dev' ]
2 info using npm@1.4.28
3 info using node@v0.10.33
4 warn package.json final-boss-cat@1.0.0 No description
5 warn package.json final-boss-cat@1.0.0 No README data
6 verbose readDependencies using package.json deps
7 verbose cache add [ 'karma-phantomjs', null ]
8 verbose cache add name=undefined spec="karma-phantomjs" args=["karma-phantomjs",null]
9 verbose parsed url { protocol: null,
9 verbose parsed url   slashes: null,
9 verbose parsed url   auth: null,
9 verbose parsed url   host: null,
9 verbose parsed url   port: null,
9 verbose parsed url   hostname: null,
9 verbose parsed url   hash: null,
9 verbose parsed url   search: null,
9 verbose parsed url   query: null,
9 verbose parsed url   pathname: 'karma-phantomjs',
9 verbose parsed url   path: 'karma-phantomjs',
9 verbose parsed url   href: 'karma-phantomjs' }
10 silly lockFile bfdc01e5-karma-phantomjs karma-phantomjs
11 verbose lock karma-phantomjs /Users/bbarnett/.npm/bfdc01e5-karma-phantomjs.lock
12 silly lockFile bfdc01e5-karma-phantomjs karma-phantomjs
13 silly lockFile bfdc01e5-karma-phantomjs karma-phantomjs
14 verbose addNamed [ 'karma-phantomjs', '' ]
15 verbose addNamed [ null, '*' ]
16 silly lockFile 8dd17393-karma-phantomjs karma-phantomjs@
17 verbose lock karma-phantomjs@ /Users/bbarnett/.npm/8dd17393-karma-phantomjs.lock
18 silly addNameRange { name: 'karma-phantomjs', range: '*', hasData: false }
19 verbose request where is /karma-phantomjs
20 verbose request registry https://registry.npmjs.org/
21 verbose request id 11e612b4bc024cf2
22 verbose url raw /karma-phantomjs
23 verbose url resolving [ 'https://registry.npmjs.org/', './karma-phantomjs' ]
24 verbose url resolved https://registry.npmjs.org/karma-phantomjs
25 verbose request where is https://registry.npmjs.org/karma-phantomjs
26 info trying registry request attempt 1 at 16:33:36
27 http GET https://registry.npmjs.org/karma-phantomjs
28 http 404 https://registry.npmjs.org/karma-phantomjs
29 verbose headers { date: 'Thu, 06 Nov 2014 16:33:37 GMT',
29 verbose headers   server: 'CouchDB/1.5.0 (Erlang OTP/R14B04)',
29 verbose headers   'content-type': 'application/json',
29 verbose headers   'cache-control': 'max-age=0',
29 verbose headers   'content-length': '52',
29 verbose headers   'accept-ranges': 'bytes',
29 verbose headers   via: '1.1 varnish',
29 verbose headers   age: '0',
29 verbose headers   'x-served-by': 'cache-lhr6323-LHR',
29 verbose headers   'x-cache': 'MISS',
29 verbose headers   'x-cache-hits': '0',
29 verbose headers   'x-timer': 'S1415291617.021619,VS0,VE367',
29 verbose headers   'keep-alive': 'timeout=10, max=50',
29 verbose headers   connection: 'Keep-Alive' }
30 silly registry.get cb [ 404,
30 silly registry.get   { date: 'Thu, 06 Nov 2014 16:33:37 GMT',
30 silly registry.get     server: 'CouchDB/1.5.0 (Erlang OTP/R14B04)',
30 silly registry.get     'content-type': 'application/json',
30 silly registry.get     'cache-control': 'max-age=0',
30 silly registry.get     'content-length': '52',
30 silly registry.get     'accept-ranges': 'bytes',
30 silly registry.get     via: '1.1 varnish',
30 silly registry.get     age: '0',
30 silly registry.get     'x-served-by': 'cache-lhr6323-LHR',
30 silly registry.get     'x-cache': 'MISS',
30 silly registry.get     'x-cache-hits': '0',
30 silly registry.get     'x-timer': 'S1415291617.021619,VS0,VE367',
30 silly registry.get     'keep-alive': 'timeout=10, max=50',
30 silly registry.get     connection: 'Keep-Alive' } ]
31 silly lockFile 8dd17393-karma-phantomjs karma-phantomjs@
32 silly lockFile 8dd17393-karma-phantomjs karma-phantomjs@
33 error 404 404 Not Found: karma-phantomjs
33 error 404
33 error 404 'karma-phantomjs' is not in the npm registry.
33 error 404 You should bug the author to publish it
33 error 404 It was specified as a dependency of 'final-boss-cat'
33 error 404
33 error 404 Note that you can also install from a
33 error 404 tarball, folder, or http url, or git url.
34 error System Darwin 14.0.0
35 error command "node" "/usr/local/bin/npm" "install" "karma-phantomjs" "--save-dev"
36 error cwd /Users/bbarnett/Sites/final-boss-cat
37 error node -v v0.10.33
38 error npm -v 1.4.28
39 error code E404
40 verbose exit [ 1, true ]
